<?xml version="1.0" encoding="UTF-8"?>
<testng-results skipped="0" failed="1" ignored="0" total="3" passed="2">
  <reporter-output>
  </reporter-output>
  <suite name="Default suite" duration-ms="80081" started-at="2021-01-26T13:19:36Z" finished-at="2021-01-26T13:20:56Z">
    <groups>
    </groups>
    <test name="Default test" duration-ms="80081" started-at="2021-01-26T13:19:36Z" finished-at="2021-01-26T13:20:56Z">
      <class name="seleniumdemo.App">
        <test-method status="PASS" signature="beforeSuite()[pri:0, instance:seleniumdemo.App@3d6300e8]" name="beforeSuite" is-config="true" duration-ms="0" started-at="2021-01-26T13:19:36Z" finished-at="2021-01-26T13:19:36Z">
          <reporter-output>
          </reporter-output>
        </test-method> <!-- beforeSuite -->
        <test-method status="PASS" signature="beforeMethod()[pri:0, instance:seleniumdemo.App@3d6300e8]" name="beforeMethod" is-config="true" duration-ms="10831" started-at="2021-01-26T13:19:36Z" finished-at="2021-01-26T13:19:47Z">
          <reporter-output>
          </reporter-output>
        </test-method> <!-- beforeMethod -->
        <test-method status="PASS" signature="Task1()[pri:0, instance:seleniumdemo.App@3d6300e8]" name="Task1" duration-ms="5665" started-at="2021-01-26T13:19:47Z" finished-at="2021-01-26T13:19:52Z">
          <reporter-output>
          </reporter-output>
        </test-method> <!-- Task1 -->
        <test-method status="PASS" signature="beforeMethod()[pri:0, instance:seleniumdemo.App@3d6300e8]" name="beforeMethod" is-config="true" duration-ms="2753" started-at="2021-01-26T13:19:52Z" finished-at="2021-01-26T13:19:55Z">
          <reporter-output>
          </reporter-output>
        </test-method> <!-- beforeMethod -->
        <test-method status="PASS" signature="Task2()[pri:0, instance:seleniumdemo.App@3d6300e8]" name="Task2" duration-ms="22774" started-at="2021-01-26T13:19:55Z" finished-at="2021-01-26T13:20:18Z">
          <reporter-output>
          </reporter-output>
        </test-method> <!-- Task2 -->
        <test-method status="PASS" signature="beforeMethod()[pri:0, instance:seleniumdemo.App@3d6300e8]" name="beforeMethod" is-config="true" duration-ms="5895" started-at="2021-01-26T13:20:18Z" finished-at="2021-01-26T13:20:24Z">
          <reporter-output>
          </reporter-output>
        </test-method> <!-- beforeMethod -->
        <test-method status="FAIL" signature="Task3()[pri:0, instance:seleniumdemo.App@3d6300e8]" name="Task3" duration-ms="32141" started-at="2021-01-26T13:20:24Z" finished-at="2021-01-26T13:20:56Z">
          <exception class="org.openqa.selenium.TimeoutException">
            <message>
              <![CDATA[Expected condition failed: waiting for visibility of element located by By.xpath: //*[@id="all-devices-section"]/div[26]/a/div[1]/div/div[1]/div/div[1]/figure (tried for 20 second(s) with 500 milliseconds interval)]]>
            </message>
            <full-stacktrace>
              <![CDATA[org.openqa.selenium.TimeoutException: Expected condition failed: waiting for visibility of element located by By.xpath: //*[@id="all-devices-section"]/div[26]/a/div[1]/div/div[1]/div/div[1]/figure (tried for 20 second(s) with 500 milliseconds interval)
at org.openqa.selenium.support.ui.WebDriverWait.timeoutException(WebDriverWait.java:138)
at org.openqa.selenium.support.ui.FluentWait.lambda$checkConditionInLoop$2(FluentWait.java:255)
at java.util.concurrent.CompletableFuture$AsyncSupply.run(CompletableFuture.java:1604)
at java.util.concurrent.CompletableFuture$AsyncSupply.exec(CompletableFuture.java:1596)
at java.util.concurrent.ForkJoinTask.doExec(ForkJoinTask.java:289)
at java.util.concurrent.ForkJoinPool$WorkQueue.runTask(ForkJoinPool.java:1067)
at java.util.concurrent.ForkJoinPool.runWorker(ForkJoinPool.java:1703)
at java.util.concurrent.ForkJoinWorkerThread.run(ForkJoinWorkerThread.java:172)
Caused by: org.openqa.selenium.NoSuchElementException: no such element: Unable to locate element: {"method":"xpath","selector":"//*[@id="all-devices-section"]/div[26]/a/div[1]/div/div[1]/div/div[1]/figure"}
  (Session info: chrome=87.0.4280.141)
For documentation on this error, please visit: https://selenium.dev/exceptions/#no_such_element
Build info: version: '4.0.0-alpha-5', revision: 'b3a0d621cc'
System info: host: 'DESKTOP-UORS9NB', ip: '192.168.1.46', os.name: 'Windows 10', os.arch: 'amd64', os.version: '10.0', java.version: '1.8.0_271'
Driver info: org.openqa.selenium.chrome.ChromeDriver
Capabilities {acceptInsecureCerts: false, browserName: chrome, browserVersion: 87.0.4280.141, chrome: {chromedriverVersion: 87.0.4280.88 (89e2380a3e36c..., userDataDir: C:\Users\User\AppData\Local...}, goog:chromeOptions: {debuggerAddress: localhost:63409}, javascriptEnabled: true, networkConnectionEnabled: false, pageLoadStrategy: normal, platform: WINDOWS, platformName: WINDOWS, proxy: Proxy(), setWindowRect: true, strictFileInteractability: false, timeouts: {implicit: 0, pageLoad: 300000, script: 30000}, unhandledPromptBehavior: dismiss and notify, webauthn:virtualAuthenticators: true}
Session ID: 7d1c19fdea121814b55e4e98a0ad4f1b
*** Element info: {Using=xpath, value=//*[@id="all-devices-section"]/div[26]/a/div[1]/div/div[1]/div/div[1]/figure}
at sun.reflect.NativeConstructorAccessorImpl.newInstance0(Native Method)
at sun.reflect.NativeConstructorAccessorImpl.newInstance(NativeConstructorAccessorImpl.java:62)
at sun.reflect.DelegatingConstructorAccessorImpl.newInstance(DelegatingConstructorAccessorImpl.java:45)
at java.lang.reflect.Constructor.newInstance(Constructor.java:423)
at org.openqa.selenium.remote.codec.w3c.W3CHttpResponseCodec.createException(W3CHttpResponseCodec.java:196)
at org.openqa.selenium.remote.codec.w3c.W3CHttpResponseCodec.decode(W3CHttpResponseCodec.java:129)
at org.openqa.selenium.remote.codec.w3c.W3CHttpResponseCodec.decode(W3CHttpResponseCodec.java:53)
at org.openqa.selenium.remote.HttpCommandExecutor.execute(HttpCommandExecutor.java:161)
at org.openqa.selenium.remote.service.DriverCommandExecutor.execute(DriverCommandExecutor.java:83)
at org.openqa.selenium.remote.RemoteWebDriver.execute(RemoteWebDriver.java:582)
at org.openqa.selenium.remote.RemoteWebDriver.findElement(RemoteWebDriver.java:333)
at org.openqa.selenium.remote.RemoteWebDriver.findElementByXPath(RemoteWebDriver.java:451)
at org.openqa.selenium.By$ByXPath.findElement(By.java:394)
at org.openqa.selenium.remote.RemoteWebDriver.findElement(RemoteWebDriver.java:325)
at org.openqa.selenium.support.ui.ExpectedConditions$7.apply(ExpectedConditions.java:205)
at org.openqa.selenium.support.ui.ExpectedConditions$7.apply(ExpectedConditions.java:201)
at org.openqa.selenium.support.ui.FluentWait.lambda$checkConditionInLoop$2(FluentWait.java:233)
... 6 more
]]>
            </full-stacktrace>
          </exception> <!-- org.openqa.selenium.TimeoutException -->
          <reporter-output>
          </reporter-output>
        </test-method> <!-- Task3 -->
        <test-method status="PASS" signature="afterSuite()[pri:0, instance:seleniumdemo.App@3d6300e8]" name="afterSuite" is-config="true" duration-ms="60" started-at="2021-01-26T13:20:56Z" finished-at="2021-01-26T13:20:56Z">
          <reporter-output>
          </reporter-output>
        </test-method> <!-- afterSuite -->
      </class> <!-- seleniumdemo.App -->
    </test> <!-- Default test -->
  </suite> <!-- Default suite -->
</testng-results>
